<?xml version="1.0" encoding="UTF-8"?>
<!-- Generated by org.testng.reporters.JUnitReportReporter -->
<testsuite hostname="PRASHANTH" failures="0" tests="2" name="com.actitime.testscripts.CustomeModule" time="15.433" errors="0" timestamp="2023-05-31T19:05:58 IST" skipped="0">
  <testcase classname="com.actitime.testscripts.CustomeModule" name="testCreateCustomer" time="8.094"/>
  <system-out/>
  <testcase classname="com.actitime.testscripts.CustomeModule" name="testDreateCustomer" time="7.339"/>
  <system-out/>
</testsuite> <!-- com.actitime.testscripts.CustomeModule -->
